[2017-03-21 20:50:42] test.WARNING: Welcome [] []
[2017-03-21 20:50:43] test.WARNING: Welcome [] []
[2017-03-21 20:51:57] test.INFO: Welcome [] []
[2017-03-21 20:51:57] test.INFO: User Visited: Logout [] []
[2017-03-21 20:52:00] test.INFO: Welcome [] []
[2017-03-21 20:52:00] test.INFO: User Visited: Home Page [] []
[2017-03-21 20:52:12] test.INFO: Welcome [] []
[2017-03-21 20:52:12] test.INFO: User Visited: Home Page [] []
[2017-03-21 20:52:23] test.INFO: Welcome [] []
[2017-03-21 20:52:23] test.INFO: User Visited: Home Page [] []
[2017-03-21 20:55:19] test.INFO: Welcome [] []
[2017-03-21 20:55:19] test.INFO: User Visited: Converter Page [] []
[2017-03-21 20:55:23] test.INFO: Welcome [] []
[2017-03-21 20:55:23] test.INFO: User Requested: USD-->INR [] []
[2017-03-21 20:55:24] test.INFO: Welcome [] []
[2017-03-21 20:55:24] test.INFO: User Requested: USD-->INR [] []
[2017-03-21 20:55:24] test.INFO: Welcome [] []
[2017-03-21 20:55:24] test.INFO: User Requested: USD-->INR [] []
[2017-03-21 20:55:24] test.INFO: Welcome [] []
[2017-03-21 20:55:24] test.INFO: User Requested: USD-->INR [] []
[2017-03-21 20:55:26] test.INFO: Welcome [] []
[2017-03-21 20:55:26] test.INFO: Welcome [] []
[2017-03-21 20:55:26] test.INFO: User Visited: Currency Manager [] []
[2017-03-21 20:55:29] test.INFO: Welcome [] []
[2017-03-21 20:55:29] test.INFO: User Visited: Logout [] []
[2017-03-21 20:55:32] test.INFO: Welcome [] []
[2017-03-21 20:55:32] test.INFO: User Visited: Home Page [] []
[2017-03-21 20:59:15] test.INFO: Welcome [] []
[2017-03-21 20:59:15] test.INFO: User Visited: Converter Page [] []
[2017-03-21 20:59:23] test.INFO: Welcome [] []
[2017-03-21 20:59:23] test.INFO: User Requested: USD-->USD [] []
[2017-03-21 21:00:01] test.INFO: Welcome [] []
[2017-03-21 21:00:01] test.INFO: User Requested: INR-->USD [] []
[2017-03-21 21:00:11] test.INFO: Welcome [] []
[2017-03-21 21:00:11] test.INFO: Welcome [] []
[2017-03-21 21:00:11] test.INFO: User Visited: Currency Manager [] []
[2017-03-21 21:00:41] test.INFO: Welcome [] []
[2017-03-21 21:00:41] test.INFO: User Visited: Logout [] []
[2017-03-21 21:00:44] test.INFO: Welcome [] []
[2017-03-21 21:00:44] test.INFO: User Visited: Home Page [] []
[2017-03-21 21:00:54] test.INFO: Welcome [] []
[2017-03-21 21:00:54] test.INFO: User Visited: Logout [] []
[2017-03-21 21:00:55] test.INFO: Welcome [] []
[2017-03-21 21:00:55] test.INFO: Welcome [] []
[2017-03-21 21:00:55] test.INFO: User Visited: Currency Manager [] []
[2017-03-21 21:00:57] test.INFO: Welcome [] []
[2017-03-21 21:00:57] test.INFO: User Visited: Logout [] []
[2017-03-21 21:01:02] test.INFO: Welcome [] []
[2017-03-21 21:01:02] test.INFO: User Visited: Logout [] []
[2017-03-21 21:01:04] test.INFO: Welcome [] []
[2017-03-21 21:01:04] test.INFO: User Visited: Logout [] []
[2017-03-21 21:01:06] test.INFO: Welcome [] []
[2017-03-21 21:01:06] test.INFO: User Visited: Logout [] []
[2017-03-21 21:01:09] test.INFO: Welcome [] []
[2017-03-21 21:01:09] test.INFO: User Visited: Home Page [] []
[2017-03-21 21:01:18] test.INFO: Welcome [] []
[2017-03-21 21:01:18] test.INFO: User Visited: Converter Page [] []
[2017-03-21 21:01:28] test.INFO: Welcome [] []
[2017-03-21 21:01:28] test.INFO: User Requested: INR-->INR [] []
[2017-03-21 21:04:45] test.INFO: Welcome [] []
[2017-03-21 21:04:45] test.INFO: User Visited: Converter Page [] []
[2017-03-21 21:07:21] test.INFO: Welcome [] []
[2017-03-21 21:07:21] test.INFO: User Visited: Converter Page [] []
[2017-03-21 21:07:26] test.INFO: Welcome [] []
[2017-03-21 21:07:26] test.INFO: User Requested: INR-->USD [] []
[2017-03-21 21:07:44] test.INFO: Welcome [] []
[2017-03-21 21:07:44] test.INFO: User Requested: USD-->USD [] []
[2017-03-21 21:07:46] test.INFO: Welcome [] []
[2017-03-21 21:07:46] test.INFO: User Requested: USD-->USD [] []
[2017-03-21 21:07:47] test.INFO: Welcome [] []
[2017-03-21 21:07:47] test.INFO: User Requested: USD-->USD [] []
[2017-03-21 21:07:49] test.INFO: Welcome [] []
[2017-03-21 21:07:49] test.INFO: User Requested: USD-->USD [] []
[2017-03-21 21:07:50] test.INFO: Welcome [] []
[2017-03-21 21:07:50] test.INFO: User Requested: USD-->USD [] []
[2017-03-21 21:08:08] test.INFO: Welcome [] []
[2017-03-21 21:08:08] test.INFO: User Visited: Converter Page [] []
[2017-03-21 21:08:19] test.INFO: Welcome [] []
[2017-03-21 21:08:19] test.INFO: User Requested: INR-->INR [] []
[2017-03-21 21:08:23] test.INFO: Welcome [] []
[2017-03-21 21:08:23] test.INFO: User Requested: USD-->INR [] []
[2017-03-21 21:08:25] test.INFO: Welcome [] []
[2017-03-21 21:08:25] test.INFO: User Requested: EUR-->INR [] []
[2017-03-21 21:08:27] test.INFO: Welcome [] []
[2017-03-21 21:08:27] test.INFO: User Requested: INR-->INR [] []
[2017-03-21 21:08:29] test.INFO: Welcome [] []
[2017-03-21 21:08:29] test.INFO: User Requested: INR-->AUD [] []
[2017-03-21 21:08:31] test.INFO: Welcome [] []
[2017-03-21 21:08:31] test.INFO: User Requested: INR-->USD [] []
[2017-03-21 21:08:33] test.INFO: Welcome [] []
[2017-03-21 21:08:33] test.INFO: User Requested: INR-->AUD [] []
[2017-03-21 21:08:35] test.INFO: Welcome [] []
[2017-03-21 21:08:35] test.INFO: User Requested: INR-->EUR [] []
[2017-03-21 21:08:37] test.INFO: Welcome [] []
[2017-03-21 21:08:37] test.INFO: User Requested: INR-->USD [] []
[2017-03-21 21:08:42] test.INFO: Welcome [] []
[2017-03-21 21:08:42] test.INFO: User Requested: USD-->USD [] []
[2017-03-21 21:08:45] test.INFO: Welcome [] []
[2017-03-21 21:08:45] test.INFO: User Requested: USD-->INR [] []
[2017-03-21 21:09:56] test.INFO: Welcome [] []
[2017-03-21 21:09:56] test.INFO: User Visited: Converter Page [] []
[2017-03-21 21:10:00] test.INFO: Welcome [] []
[2017-03-21 21:10:00] test.INFO: User Requested: AUD-->INR [] []
[2017-03-21 21:11:25] test.INFO: Welcome [] []
[2017-03-21 21:11:25] test.INFO: User Visited: Converter Page [] []
[2017-03-21 21:13:12] test.INFO: Welcome [] []
[2017-03-21 21:13:12] test.INFO: User Visited: Converter Page [] []
[2017-03-21 21:13:17] test.INFO: Welcome [] []
[2017-03-21 21:13:17] test.INFO: User Requested: INR-->INR [] []
[2017-03-21 21:13:18] test.INFO: Welcome [] []
[2017-03-21 21:13:18] test.INFO: User Requested: USD-->INR [] []
[2017-03-21 21:13:58] test.INFO: Welcome [] []
[2017-03-21 21:13:58] test.INFO: User Visited: Converter Page [] []
[2017-03-21 21:14:18] test.INFO: Welcome [] []
[2017-03-21 21:14:18] test.INFO: User Requested: USD-->INR [] []
[2017-03-21 21:16:50] test.INFO: Welcome [] []
[2017-03-21 21:16:50] test.INFO: User Visited: Converter Page [] []
[2017-03-21 21:16:52] test.INFO: Welcome [] []
[2017-03-21 21:16:52] test.INFO: User Visited: Converter Page [] []
[2017-03-21 21:16:59] test.INFO: Welcome [] []
[2017-03-21 21:16:59] test.INFO: User Requested: INR-->AUD [] []
[2017-03-21 21:17:08] test.INFO: Welcome [] []
[2017-03-21 21:17:08] test.INFO: User Requested: AUD-->AUD [] []
[2017-03-21 21:17:12] test.INFO: Welcome [] []
[2017-03-21 21:17:12] test.INFO: User Requested: AUD-->USD [] []
[2017-03-21 21:17:24] test.INFO: Welcome [] []
[2017-03-21 21:17:24] test.INFO: User Visited: Converter Page [] []
[2017-03-21 21:17:34] test.INFO: Welcome [] []
[2017-03-21 21:17:34] test.INFO: User Requested: INR-->AUD [] []
[2017-03-21 21:18:16] test.INFO: Welcome [] []
[2017-03-21 21:18:16] test.INFO: User Visited: Converter Page [] []
[2017-03-21 21:18:24] test.INFO: Welcome [] []
[2017-03-21 21:18:24] test.INFO: User Requested: AUD-->INR [] []
[2017-03-21 21:18:36] test.INFO: Welcome [] []
[2017-03-21 21:18:36] test.INFO: User Requested: AUD-->USD [] []
[2017-03-21 21:20:13] test.INFO: Welcome [] []
[2017-03-21 21:20:13] test.INFO: User Visited: Converter Page [] []
[2017-03-21 21:20:19] test.INFO: Welcome [] []
[2017-03-21 21:20:19] test.INFO: User Requested: INR-->USD [] []
[2017-03-21 21:20:26] test.INFO: Welcome [] []
[2017-03-21 21:20:26] test.INFO: User Requested: INR-->AUD [] []
[2017-03-21 21:20:29] test.INFO: Welcome [] []
[2017-03-21 21:20:29] test.INFO: User Requested: USD-->AUD [] []
[2017-03-21 21:20:31] test.INFO: Welcome [] []
[2017-03-21 21:20:31] test.INFO: User Requested: USD-->EUR [] []
[2017-03-21 21:20:34] test.INFO: Welcome [] []
[2017-03-21 21:20:34] test.INFO: User Requested: INR-->EUR [] []
[2017-03-21 21:20:45] test.INFO: Welcome [] []
[2017-03-21 21:20:45] test.INFO: User Visited: Converter Page [] []
[2017-03-21 21:20:49] test.INFO: Welcome [] []
[2017-03-21 21:20:49] test.INFO: User Requested: INR-->EUR [] []
[2017-03-21 21:20:53] test.INFO: Welcome [] []
[2017-03-21 21:20:53] test.INFO: User Requested: USD-->EUR [] []
[2017-03-21 21:21:03] test.INFO: Welcome [] []
[2017-03-21 21:21:03] test.INFO: User Requested: AUD-->EUR [] []
[2017-03-21 21:21:30] test.INFO: Welcome [] []
[2017-03-21 21:21:30] test.INFO: User Visited: Converter Page [] []
[2017-03-21 21:21:38] test.INFO: Welcome [] []
[2017-03-21 21:21:38] test.INFO: User Requested: INR-->USD [] []
[2017-03-21 21:21:50] test.INFO: Welcome [] []
[2017-03-21 21:21:50] test.INFO: User Visited: Converter Page [] []
[2017-03-21 21:22:11] test.INFO: Welcome [] []
[2017-03-21 21:22:11] test.INFO: User Requested: AUD-->USD [] []
[2017-03-21 21:22:11] test.INFO: Welcome [] []
[2017-03-21 21:22:11] test.INFO: User Requested: AUD-->USD [] []
[2017-03-21 21:22:53] test.INFO: Welcome [] []
[2017-03-21 21:22:53] test.INFO: User Visited: Converter Page [] []
[2017-03-21 21:23:06] test.INFO: Welcome [] []
[2017-03-21 21:23:06] test.INFO: User Requested: INR-->USD [] []
[2017-03-21 21:23:10] test.INFO: Welcome [] []
[2017-03-21 21:23:10] test.INFO: User Requested: AUD-->USD [] []
[2017-03-21 21:23:13] test.INFO: Welcome [] []
[2017-03-21 21:23:13] test.INFO: User Requested: AUD-->EUR [] []
[2017-03-21 21:23:24] test.INFO: Welcome [] []
[2017-03-21 21:23:24] test.INFO: User Requested: USD-->EUR [] []
[2017-03-21 21:23:51] test.INFO: Welcome [] []
[2017-03-21 21:23:51] test.INFO: User Requested: USD-->EUR [] []
[2017-03-21 21:23:55] test.INFO: Welcome [] []
[2017-03-21 21:23:55] test.INFO: User Requested: USD-->INR [] []
[2017-03-21 21:24:28] test.INFO: Welcome [] []
[2017-03-21 21:24:28] test.INFO: User Visited: Converter Page [] []
[2017-03-21 21:24:39] test.INFO: Welcome [] []
[2017-03-21 21:24:39] test.INFO: User Requested: USD-->AUD [] []
[2017-03-21 21:25:40] test.INFO: Welcome [] []
[2017-03-21 21:25:40] test.INFO: User Visited: Converter Page [] []
[2017-03-21 21:25:48] test.INFO: Welcome [] []
[2017-03-21 21:25:48] test.INFO: User Visited: Converter Page [] []
[2017-03-21 21:25:48] test.INFO: Welcome [] []
[2017-03-21 21:25:48] test.INFO: User Visited: Converter Page [] []
[2017-03-21 21:26:04] test.INFO: Welcome [] []
[2017-03-21 21:26:04] test.INFO: User Visited: Converter Page [] []
[2017-03-21 21:26:13] test.INFO: Welcome [] []
[2017-03-21 21:26:13] test.INFO: User Requested: INR-->AUD [] []
[2017-03-21 21:27:27] test.INFO: Welcome [] []
[2017-03-21 21:27:27] test.INFO: User Visited: Converter Page [] []
[2017-03-21 21:27:34] test.INFO: Welcome [] []
[2017-03-21 21:27:34] test.INFO: User Requested: INR-->AUD [] []
[2017-03-21 21:27:42] test.INFO: Welcome [] []
[2017-03-21 21:27:42] test.INFO: User Requested: INR-->AUD [] []
[2017-03-21 21:27:46] test.INFO: Welcome [] []
[2017-03-21 21:27:46] test.INFO: User Requested: INR-->AUD [] []
[2017-03-21 21:27:47] test.INFO: Welcome [] []
[2017-03-21 21:27:47] test.INFO: User Requested: INR-->AUD [] []
[2017-03-21 21:28:15] test.INFO: Welcome [] []
[2017-03-21 21:28:15] test.INFO: User Visited: Logout [] []
[2017-03-21 21:28:18] test.INFO: Welcome [] []
[2017-03-21 21:28:18] test.INFO: User Visited: Home Page [] []
[2017-03-21 21:28:59] test.INFO: Welcome [] []
[2017-03-21 21:28:59] test.INFO: User Visited: Converter Page [] []
[2017-03-21 21:29:08] test.INFO: Welcome [] []
[2017-03-21 21:29:08] test.INFO: User Requested: USD-->INR [] []
[2017-03-21 21:29:14] test.INFO: Welcome [] []
[2017-03-21 21:29:14] test.INFO: User Requested: AUD-->INR [] []
[2017-03-21 21:29:22] test.INFO: Welcome [] []
[2017-03-21 21:29:22] test.INFO: User Requested: AUD-->EUR [] []
[2017-03-21 21:29:24] test.INFO: Welcome [] []
[2017-03-21 21:29:24] test.INFO: User Requested: USD-->EUR [] []
[2017-03-21 21:29:26] test.INFO: Welcome [] []
[2017-03-21 21:29:26] test.INFO: User Requested: INR-->EUR [] []
[2017-03-21 21:29:27] test.INFO: Welcome [] []
[2017-03-21 21:29:27] test.INFO: User Requested: INR-->USD [] []
[2017-03-21 21:29:29] test.INFO: Welcome [] []
[2017-03-21 21:29:29] test.INFO: User Requested: INR-->USD [] []
[2017-03-21 21:29:30] test.INFO: Welcome [] []
[2017-03-21 21:29:30] test.INFO: User Requested: INR-->USD [] []
[2017-03-21 21:29:30] test.INFO: Welcome [] []
[2017-03-21 21:29:30] test.INFO: User Requested: INR-->USD [] []
[2017-03-21 21:29:30] test.INFO: Welcome [] []
[2017-03-21 21:29:30] test.INFO: User Requested: INR-->USD [] []
[2017-03-21 21:29:39] test.INFO: Welcome [] []
[2017-03-21 21:29:39] test.INFO: Welcome [] []
[2017-03-21 21:29:39] test.INFO: User Visited: Currency Manager [] []
[2017-03-21 21:30:02] test.INFO: Welcome [] []
[2017-03-21 21:30:02] test.INFO: Welcome [] []
[2017-03-21 21:30:02] test.INFO: User Visited: Currency Manager [] []
[2017-03-21 21:30:07] test.INFO: Welcome [] []
[2017-03-21 21:30:07] test.INFO: User Visited: Converter Page [] []
[2017-03-21 21:30:14] test.INFO: Welcome [] []
[2017-03-21 21:30:14] test.INFO: User Requested: JPN-->INR [] []
[2017-03-21 21:30:18] test.INFO: Welcome [] []
[2017-03-21 21:30:18] test.INFO: User Visited: Logout [] []
[2017-03-21 21:30:22] test.INFO: Welcome [] []
[2017-03-21 21:30:22] test.INFO: User Visited: Home Page [] []
